0 info it worked if it ends with ok
1 verbose cli [ '/Users/josh/.nvm/versions/node/v7.3.0/bin/node',
1 verbose cli   '/Users/josh/.nvm/versions/node/v7.3.0/bin/npm',
1 verbose cli   'start' ]
2 info using npm@4.0.5
3 info using node@v7.3.0
4 verbose run-script [ 'prestart', 'start', 'poststart' ]
5 info lifecycle C3V@0.0.1~prestart: C3V@0.0.1
6 silly lifecycle C3V@0.0.1~prestart: no script for prestart, continuing
7 info lifecycle C3V@0.0.1~start: C3V@0.0.1
8 verbose lifecycle C3V@0.0.1~start: unsafe-perm in lifecycle true
9 verbose lifecycle C3V@0.0.1~start: PATH: /Users/josh/.nvm/versions/node/v7.3.0/lib/node_modules/npm/bin/node-gyp-bin:/Users/josh/Sites/c3v-static/node_modules/.bin:/Users/josh/.platformsh/bin:/Users/josh/.nvm/versions/node/v7.3.0/bin:/usr/local/bin:/usr/bin:/bin:/usr/sbin:/sbin:/Users/josh/drush
10 verbose lifecycle C3V@0.0.1~start: CWD: /Users/josh/Sites/c3v-static
11 silly lifecycle C3V@0.0.1~start: Args: [ '-c', 'kalastatic start' ]
12 silly lifecycle C3V@0.0.1~start: Returned: code: 1  signal: null
13 info lifecycle C3V@0.0.1~start: Failed to exec start script
14 verbose stack Error: C3V@0.0.1 start: `kalastatic start`
14 verbose stack Exit status 1
14 verbose stack     at EventEmitter.<anonymous> (/Users/josh/.nvm/versions/node/v7.3.0/lib/node_modules/npm/lib/utils/lifecycle.js:279:16)
14 verbose stack     at emitTwo (events.js:106:13)
14 verbose stack     at EventEmitter.emit (events.js:191:7)
14 verbose stack     at ChildProcess.<anonymous> (/Users/josh/.nvm/versions/node/v7.3.0/lib/node_modules/npm/lib/utils/spawn.js:40:14)
14 verbose stack     at emitTwo (events.js:106:13)
14 verbose stack     at ChildProcess.emit (events.js:191:7)
14 verbose stack     at maybeClose (internal/child_process.js:885:16)
14 verbose stack     at Process.ChildProcess._handle.onexit (internal/child_process.js:226:5)
15 verbose pkgid C3V@0.0.1
16 verbose cwd /Users/josh/Sites/c3v-static
17 error Darwin 16.6.0
18 error argv "/Users/josh/.nvm/versions/node/v7.3.0/bin/node" "/Users/josh/.nvm/versions/node/v7.3.0/bin/npm" "start"
19 error node v7.3.0
20 error npm  v4.0.5
21 error code ELIFECYCLE
22 error C3V@0.0.1 start: `kalastatic start`
22 error Exit status 1
23 error Failed at the C3V@0.0.1 start script 'kalastatic start'.
23 error Make sure you have the latest version of node.js and npm installed.
23 error If you do, this is most likely a problem with the C3V package,
23 error not with npm itself.
23 error Tell the author that this fails on your system:
23 error     kalastatic start
23 error You can get information on how to open an issue for this project with:
23 error     npm bugs C3V
23 error Or if that isn't available, you can get their info via:
23 error     npm owner ls C3V
23 error There is likely additional logging output above.
24 verbose exit [ 1, true ]
